[0mGET /api [36m304[0m 0.716 ms - -[0m
[0mGET /api [36m304[0m 0.702 ms - -[0m
[0mGET /api [36m304[0m 0.336 ms - -[0m
[0mGET /api [36m304[0m 0.647 ms - -[0m
[0mGET /api [36m304[0m 0.750 ms - -[0m
[0mGET /api [36m304[0m 0.831 ms - -[0m
[0mGET /api/users [32m200[0m 14.037 ms - 165[0m
[0mGET /users [33m404[0m 0.982 ms - 25[0m
[0mGET /api/users [32m200[0m 14.940 ms - 165[0m
[0mGET /api/users/1 [33m404[0m 185.371 ms - 19[0m
[0mGET /api/users/2 [33m404[0m 1.529 ms - 19[0m
[0mGET /api/users/ [32m200[0m 7.614 ms - 165[0m
[0mGET /api/users/grumpy19 [32m200[0m 3.145 ms - 172[0m
[0mGET /api/users/%7Busername%7D [33m404[0m 23.008 ms - 19[0m
[0mGET /api/users/tickle122 [32m200[0m 15.846 ms - 173[0m
[0mGET /api/topics [32m200[0m 14.414 ms - 192[0m
[0mGET /api/topics [36m304[0m 13.697 ms - -[0m
[0mPOST /api/topics [32m201[0m 14.878 ms - 73[0m
[0mPOST /api/topics [32m201[0m 24.255 ms - 80[0m
[0mPOST /api/topics [32m201[0m 24.365 ms - 76[0m
[0mGET /api/users [36m304[0m 14.923 ms - -[0m
[0mGET /api/users [36m304[0m 1.641 ms - -[0m
[0mGET /api/users [36m304[0m 1.033 ms - -[0m
[0mGET /api/users [36m304[0m 0.939 ms - -[0m
[0mGET /api/articles [32m200[0m 20.741 ms - 31540[0m
[0mGET /api/articles?order=desc [33m400[0m 1.257 ms - 21[0m
[0mGET /api/articles?order=DESC [32m200[0m 11.795 ms - 31540[0m
[0mGET /api/articles?order=ASC [32m200[0m 2.782 ms - 31540[0m
[0mGET /api/articles?sort_by=votes&order=ASC&topic=cooking [32m200[0m 13.102 ms - 8948[0m
[0mGET /api/articles?sort_by=votes&order=ASC&topic=cooking [32m200[0m 10.381 ms - 8948[0m
[0mGET /api/articles?sort_by=votes&order=ASC&topic=cooking [32m200[0m 2.205 ms - 8948[0m
[0mGET /api/articles?sort_by=created_at&order=DESC [36m304[0m 71.640 ms - -[0m
[0mGET /api/articles?sort_by=created_at&order=ASC [32m200[0m 3.811 ms - 31540[0m
[0mGET /api/articles?sort_by=votes&order=ASC [32m200[0m 12.487 ms - 31540[0m
[0mGET /api/users [36m304[0m 14.346 ms - -[0m
[0mGET /api/users/tickle122 [36m304[0m 59.473 ms - -[0m
[0mGET /api/users [36m304[0m 22.012 ms - -[0m
[0mGET /api/users/ticklet122 [33m404[0m 12.578 ms - 19[0m
[0mGET /api/users/tickle122 [36m304[0m 9.048 ms - -[0m
